Sending notification Monitoring Report C:Usersksanapapp-monitorreportmonitoring_report_2018-01-21-19-48-00.html
{"personalizations": [{"to": [{"email": "kavitasanap@gmail.com"}]}],"from": {"email": "kavitasanap@gmail.com", "name": "Monitoring Team"},"subject": "C:Usersksanapapp-monitorreportmonitoring_report_2018-01-21-19-48-00.html","content": [{"Disposition": "inline","type": "text/html", "value": ""}]}
Sun, Jan 21, 2018  9:18:22 PM: Notification sent successfully, everything is fine
Sending notification Monitoring Report monitoring_report_2018-01-21-19-48-00.html
{"personalizations": [{"to": [{"email": "kavitasanap@gmail.com"}]}],"from": {"email": "kavitasanap@gmail.com", "name": "Monitoring Team"},"subject": "monitoring_report_2018-01-21-19-48-00.html","content": [{"Disposition": "inline","type": "text/html", "value": ""}]}
Sun, Jan 21, 2018  9:19:21 PM: Notification sent successfully, everything is fine
Sending notification Monitoring Report monitoring_report_2018-01-21-21-13-34.html
{"personalizations": [{"to": [{"email": "kavitasanap@gmail.com"}]}],"from": {"email": "kavitasanap@gmail.com", "name": "Monitoring Team"},"subject": "monitoring_report_2018-01-21-21-13-34.html","content": [{"Disposition": "inline","type": "text/html", "value": "<html><body> Hi Team<br>Please find below application monitoring report.<br>Look into the applications which are not green state.<br><br><p style=font-size:20px;> Application Monitoring report</p><br><p style=font-size:10px;>started at </p> 2018-01-21 21:13:34<table border=1><tr> <th>URL</th> <th>RESPONSE_TOTALTIME</th> <th>RESPONSE_CODE</th> <th>RESPONSE_DESCRIPTION</th> </tr><tr bgcolor=green> <td>http://google.com</td> <td>0.468000</td> <td>302</td> <td>COMPONENT IS GREEN</td> </tr></table><br>Regards<br>Monitoring Team</body></html>"}]}
Sun, Jan 21, 2018  9:19:58 PM: Notification sent successfully, everything is fine
Sending notification Monitoring Report monitoring_report_2018-01-21-21-13-34.html
{"personalizations": [{"to": [{"email": "kavitasanap@gmail.com"}]}],"from": {"email": "kavitasanap@gmail.com", "name": "Monitoring Team"},"subject": "monitoring_report_2018-01-21-21-13-34.html","content": [{"Disposition": "inline","type": "text/html", "value": "<html><body> Hi Team<br>Please find below application monitoring report.<br>Look into the applications which are not green state.<br><br><p style=font-size:20px;> Application Monitoring report</p><br><p style=font-size:10px;>started at </p> 2018-01-21 21:13:34<table border=1><tr> <th>URL</th> <th>RESPONSE_TOTALTIME</th> <th>RESPONSE_CODE</th> <th>RESPONSE_DESCRIPTION</th> </tr><tr bgcolor=green> <td>http://google.com</td> <td>0.468000</td> <td>302</td> <td>COMPONENT IS GREEN</td> </tr></table><br>Regards<br>Monitoring Team</body></html>"}]}
Sun, Jan 21, 2018  9:20:45 PM: Notification sent successfully, everything is fine
Sending notification Monitoring Report monitoring_report_2018-01-21-21-13-34.html
{"personalizations": [{"to": [{"email": "kavitasanap@gmail.com"}]}],"from": {"email": "kavitasanap@gmail.com", "name": "Monitoring Team"},"subject": "monitoring_report_2018-01-21-21-13-34.html","content": [{"Disposition": "inline","type": "text/html", "value": "<html><body> Hi Team<br>Please find below application monitoring report.<br>Look into the applications which are not green state.<br><br><p style=font-size:20px;> Application Monitoring report</p><br><p style=font-size:10px;>started at </p> 2018-01-21 21:13:34<table border=1><tr> <th>URL</th> <th>RESPONSE_TOTALTIME</th> <th>RESPONSE_CODE</th> <th>RESPONSE_DESCRIPTION</th> </tr><tr bgcolor=green> <td>http://google.com</td> <td>0.468000</td> <td>302</td> <td>COMPONENT IS GREEN</td> </tr></table><br>Regards<br>Monitoring Team</body></html>"}]}
Sun, Jan 21, 2018  9:21:41 PM: Notification sent successfully, everything is fine
Sending notification Monitoring Report monitoring_report_2018-01-21-21-13-34.html
{"personalizations": [{"to": [{"email": "kavitasanap@gmail.com"}]}],"from": {"email": "kavitasanap@gmail.com", "name": "Monitoring Team"},"subject": "monitoring_report_2018-01-21-21-13-34.html","content": [{"Disposition": "inline","type": "text/html", "value": "<br><p style=font-size:20px;> Application Monitoring report</p><br><p style=font-size:10px;>started at </p> 2018-01-21 21:13:34<table border=1><tr> <th>URL</th> <th>RESPONSE_TOTALTIME</th> <th>RESPONSE_CODE</th> <th>RESPONSE_DESCRIPTION</th> </tr><tr bgcolor=green> <td>http://google.com</td> <td>0.468000</td> <td>302</td> <td>COMPONENT IS GREEN</td> </tr></table><br>Regards<br>Monitoring Team</body></html>"}]}
Sun, Jan 21, 2018  9:24:06 PM: Notification sent successfully, everything is fine
Sending notification Monitoring Report monitoring_report_2018-01-21-21-13-34.html
{"personalizations": [{"to": [{"email": "kavitasanap@gmail.com"}]}],"from": {"email": "kavitasanap@gmail.com", "name": "Monitoring Team"},"subject": "monitoring_report_2018-01-21-21-13-34.html","content": [{"Disposition": "inline","type": "text/html", "value": "<html><body> Hi Team<br>Please find below application monitoring report.<br>Look into the applications which are not green state.<br><br><p style=font-size:20px;> Application Monitoring report</p><br><p style=font-size:10px;>started at 2018-01-21 21:13:34<table border=1><tr> <th>URL</th> <th>RESPONSE_TOTALTIME</th> <th>RESPONSE_CODE</th> <th>RESPONSE_DESCRIPTION</th> </tr><tr bgcolor=green> <td>http://google.com</td> <td>0.468000</td> <td>302</td> <td>COMPONENT IS GREEN</td> </tr></table><br>Regards<br>Monitoring Team</body></html>"}]}
Sun, Jan 21, 2018  9:24:37 PM: Notification sent successfully, everything is fine
Sending notification Monitoring Report monitoring_report_2018-01-21-21-13-34.html
{"personalizations": [{"to": [{"email": "kavitasanap@gmail.com"}]}],"from": {"email": "kavitasanap@gmail.com", "name": "Monitoring Team"},"subject": "monitoring_report_2018-01-21-21-13-34.html","content": [{"Disposition": "inline","type": "text/html", "value": "<html><body><br><p style=font-size:20px;> Application Monitoring report</p><br><p style=font-size:10px;>started at 2018-01-21 21:13:34<table border=1><tr> <th>URL</th> <th>RESPONSE_TOTALTIME</th> <th>RESPONSE_CODE</th> <th>RESPONSE_DESCRIPTION</th> </tr><tr bgcolor=green> <td>http://google.com</td> <td>0.468000</td> <td>302</td> <td>COMPONENT IS GREEN</td> </tr></table><br>Regards<br>Monitoring Team</body></html>"}]}
Sun, Jan 21, 2018  9:25:08 PM: Notification sent successfully, everything is fine
Sending notification Monitoring Report monitoring_report_2018-01-21-21-13-34.html
{"personalizations": [{"to": [{"email": "kavitasanap@gmail.com"}]}],"from": {"email": "kavitasanap@gmail.com", "name": "Monitoring Team"},"subject": "monitoring_report_2018-01-21-21-13-34.html","content": [{"Disposition": "inline","type": "text/html", "value": "<html><body> Hi Team<br>Please find below application monitoring report.<br>Look into the applications which are not green state.<br><br><p> Application Monitoring report</p><br><p>started at 2018-01-21 21:13:34<table border=1><tr> <th>URL</th> <th>RESPONSE_TOTALTIME</th> <th>RESPONSE_CODE</th> <th>RESPONSE_DESCRIPTION</th> </tr><tr bgcolor=green> <td>http://google.com</td> <td>0.468000</td> <td>302</td> <td>COMPONENT IS GREEN</td> </tr></table><br>Regards<br>Monitoring Team</body></html>"}]}
Sun, Jan 21, 2018  9:25:51 PM: Notification sent successfully, everything is fine
Sending notification Monitoring Report monitoring_report_2018-01-21-21-13-34.html
{"personalizations": [{"to": [{"email": "kavitasanap@gmail.com"}]}],"from": {"email": "kavitasanap@gmail.com", "name": "Monitoring Team"},"subject": "monitoring_report_2018-01-21-21-13-34.html","content": [{"Disposition": "inline","type": "text/html", "value": "<html><body> Hi Team<br>Please find below application monitoring report.<br>Look into the applications which are not green state.<br><br><p> Application Monitoring report</p><br><p>started at 2018-01-21 21:13:34<table border=1><tr> <th>URL</th> <th>RESPONSE_TOTALTIME</th> <th>RESPONSE_CODE</th> <th>RESPONSE_DESCRIPTION</th> </tr><tr bgcolor=green> <td>http://google.com</td> <td>0.468000</td> <td>302</td> <td>COMPONENT IS GREEN</td> </tr></table><br>Regards<br>Monitoring Team</body></html>"}]}
Sun, Jan 21, 2018  9:27:26 PM: Notification sent successfully, everything is fine
Sending notification Monitoring Report monitoring_report_2018-01-21-21-13-34.html
{"personalizations": [{"to": [{"email": "kavitasanap@gmail.com"}]}],"from": {"email": "kavitasanap@gmail.com", "name": "Monitoring Team"},"subject": "monitoring_report_2018-01-21-21-13-34.html","content": [{"Disposition": "inline","type": "text/html", "value": "<html><body> Hi Team<br>Please find below application monitoring report<br>Look into the applications which are not green state<br><br><p> Application Monitoring report</p><br><p>started at 2018-01-21<table border=1><tr> <th>URL</th> <th>RESPONSE_TOTALTIME</th> <th>RESPONSE_CODE</th> <th>RESPONSE_DESCRIPTION</th> </tr><tr bgcolor=green> <td>http://google.com</td> <td>0.468000</td> <td>302</td> <td>COMPONENT IS GREEN</td> </tr></table><br>Regards<br>Monitoring Team</body></html>"}]}
Sun, Jan 21, 2018  9:28:04 PM: Notification sent successfully, everything is fine
Sending notification Monitoring Report monitoring_report_2018-01-21-21-13-34.html
{"personalizations": [{"to": [{"email": "kavitasanap@gmail.com"}]}],"from": {"email": "kavitasanap@gmail.com", "name": "Monitoring Team"},"subject": "monitoring_report_2018-01-21-21-13-34.html","content": [{"Disposition": "inline","type": "text/html", "value": "<html><body> Hi Team<br>Please find below application monitoring report<br>Look into the applications which are not green state<br><br><p> Application Monitoring report</p><br><p>started at 2018-01-21<table border=1><tr> <th>URL</th> <th>RESPONSE_TOTALTIME</th> <th>RESPONSE_CODE</th> <th>RESPONSE_DESCRIPTION</th> </tr><tr bgcolor=green> <td>http://google.com</td> <td>0.468000</td> <td>302</td> <td>COMPONENT IS GREEN</td> </tr></table><br>Regards<br>Monitoring Team</body></html>"}]}
